#
# There is insufficient memory for the Java Runtime Environment to continue.
# Native memory allocation (malloc) failed to allocate 657696 bytes for Chunk::new
# Possible reasons:
#   The system is out of physical RAM or swap space
#   The process is running with CompressedOops enabled, and the Java Heap may be blocking the growth of the native heap
# Possible solutions:
#   Reduce memory load on the system
#   Increase physical memory or swap space
#   Check if swap backing store is full
#   Decrease Java heap size (-Xmx/-Xms)
#   Decrease number of Java threads
#   Decrease Java thread stack sizes (-Xss)
#   Set larger code cache with -XX:ReservedCodeCacheSize=
#   JVM is running with Unscaled Compressed Oops mode in which the Java heap is
#     placed in the first 4GB address space. The Java Heap base address is the
#     maximum limit for the native heap growth. Please use -XX:HeapBaseMinAddress
#     to set the Java Heap base and to place the Java Heap above 4GB virtual address.
# This output file may be truncated or incomplete.
#
#  Out of Memory Error (arena.cpp:189), pid=17756, tid=8808
#
# JRE version: OpenJDK Runtime Environment (17.0.6) (build 17.0.6+0-b2043.56-9586694)
# Java VM: OpenJDK 64-Bit Server VM (17.0.6+0-b2043.56-9586694, mixed mode, tiered, compressed oops, compressed class ptrs, g1 gc, windows-amd64)
# No core dump will be written. Minidumps are not enabled by default on client versions of Windows
#

---------------  S U M M A R Y ------------

Command Line: org.jetbrains.kotlin.cli.jvm.K2JVMCompiler @D:\android\project\Test2\app\build\20230424_16525900644153110161.compiler.options

Host: Intel(R) Core(TM) i5-5300U CPU @ 2.30GHz, 4 cores, 7G,  Windows 10 , 64 bit Build 19041 (10.0.19041.2788)
Time: Mon Apr 24 23:13:09 2023 SE Asia Standard Time elapsed time: 22.341742 seconds (0d 0h 0m 22s)

---------------  T H R E A D  ---------------

Current thread (0x000001a1b182de30):  JavaThread "C2 CompilerThread0" daemon [_thread_in_native, id=8808, stack(0x0000005e43800000,0x0000005e43900000)]


Current CompileTask:
C2:  22341 8530       4       org.jetbrains.kotlin.types.TypeUtils::contains (301 bytes)

Stack: [0x0000005e43800000,0x0000005e43900000]
Native frames: (J=compiled Java code, j=interpreted, Vv=VM code, C=native code)
V  [jvm.dll+0x683b4a]
V  [jvm.dll+0x842654]
V  [jvm.dll+0x843dfe]
V  [jvm.dll+0x844463]
V  [jvm.dll+0x249b75]
V  [jvm.dll+0xabcac]
V  [jvm.dll+0xac27c]
V  [jvm.dll+0x2b0eef]
V  [jvm.dll+0x58a207]
V  [jvm.dll+0x2243b2]
V  [jvm.dll+0x21dd02]
V  [jvm.dll+0x21b51b]
V  [jvm.dll+0x1a4fdd]
V  [jvm.dll+0x22b098]
V  [jvm.dll+0x229159]
V  [jvm.dll+0x7f809c]
V  [jvm.dll+0x7f25fa]
V  [jvm.dll+0x682985]
C  [ucrtbase.dll+0x21bb2]
C  [KERNEL32.DLL+0x17604]
C  [ntdll.dll+0x526a1]


---------------  P R O C E S S  ---------------

Threads class SMR info:
_java_thread_list=0x000001a1b81525f0, length=12, elements={
0x000001a19638cac0, 0x000001a1b181b620, 0x000001a1b181c490, 0x000001a1b1803260,
0x000001a1b1803e10, 0x000001a1b1806bd0, 0x000001a1b1807580, 0x000001a1b182de30,
0x000001a1b182e7e0, 0x000001a1b2488780, 0x000001a1b2581210, 0x000001a1b2587fa0
}

Java Threads: ( => current thread )
  0x000001a19638cac0 JavaThread "main" [_thread_in_Java, id=11060, stack(0x0000005e42b00000,0x0000005e42c00000)]
  0x000001a1b181b620 JavaThread "Reference Handler" daemon [_thread_blocked, id=18076, stack(0x0000005e43200000,0x0000005e43300000)]
  0x000001a1b181c490 JavaThread "Finalizer" daemon [_thread_blocked, id=4712, stack(0x0000005e43300000,0x0000005e43400000)]
  0x000001a1b1803260 JavaThread "Signal Dispatcher" daemon [_thread_blocked, id=11276, stack(0x0000005e43400000,0x0000005e43500000)]
  0x000001a1b1803e10 JavaThread "Attach Listener" daemon [_thread_blocked, id=4748, stack(0x0000005e43500000,0x0000005e43600000)]
  0x000001a1b1806bd0 JavaThread "Service Thread" daemon [_thread_blocked, id=9852, stack(0x0000005e43600000,0x0000005e43700000)]
  0x000001a1b1807580 JavaThread "Monitor Deflation Thread" daemon [_thread_blocked, id=9416, stack(0x0000005e43700000,0x0000005e43800000)]
=>0x000001a1b182de30 JavaThread "C2 CompilerThread0" daemon [_thread_in_native, id=8808, stack(0x0000005e43800000,0x0000005e43900000)]
  0x000001a1b182e7e0 JavaThread "C1 CompilerThread0" daemon [_thread_in_native, id=14204, stack(0x0000005e43900000,0x0000005e43a00000)]
  0x000001a1b2488780 JavaThread "Sweeper thread" daemon [_thread_blocked, id=13164, stack(0x0000005e43a00000,0x0000005e43b00000)]
  0x000001a1b2581210 JavaThread "Notification Thread" daemon [_thread_blocked, id=10220, stack(0x0000005e43b00000,0x0000005e43c00000)]
  0x000001a1b2587fa0 JavaThread "Common-Cleaner" daemon [_thread_blocked, id=6784, stack(0x0000005e43d00000,0x0000005e43e00000)]

Other Threads:
  0x000001a1b17f9a50 VMThread "VM Thread" [stack: 0x0000005e43100000,0x0000005e43200000] [id=7772]
  0x000001a1b2581af0 WatcherThread [stack: 0x0000005e43c00000,0x0000005e43d00000] [id=2576]
  0x000001a1963e6150 GCTaskThread "GC Thread#0" [stack: 0x0000005e42c00000,0x0000005e42d00000] [id=12048]
  0x000001a1b2999290 GCTaskThread "GC Thread#1" [stack: 0x0000005e43e00000,0x0000005e43f00000] [id=340]
  0x000001a1b2999540 GCTaskThread "GC Thread#2" [stack: 0x0000005e43f00000,0x0000005e44000000] [id=15976]
  0x000001a1b29b0f00 GCTaskThread "GC Thread#3" [stack: 0x0000005e44000000,0x0000005e44100000] [id=17832]
  0x000001a1963f6d50 ConcurrentGCThread "G1 Main Marker" [stack: 0x0000005e42d00000,0x0000005e42e00000] [id=19228]
  0x000001a1963f7760 ConcurrentGCThread "G1 Conc#0" [stack: 0x0000005e42e00000,0x0000005e42f00000] [id=10692]
  0x000001a1b1650090 ConcurrentGCThread "G1 Refine#0" [stack: 0x0000005e42f00000,0x0000005e43000000] [id=18128]
  0x000001a1b66c50c0 ConcurrentGCThread "G1 Refine#1" [stack: 0x0000005e44200000,0x0000005e44300000] [id=16232]
  0x000001a1b1650ab0 ConcurrentGCThread "G1 Service" [stack: 0x0000005e43000000,0x0000005e43100000] [id=18072]

Threads with active compile tasks:
C2 CompilerThread0    22373 8530       4       org.jetbrains.kotlin.types.TypeUtils::contains (301 bytes)
C1 CompilerThread0    22373 8599       3       org.jetbrains.kotlin.types.checker.NewCapturedTypeKt::captureArguments (662 bytes)

VM state: not at safepoint (normal execution)

VM Mutex/Monitor currently owned by a thread: None

Heap address: 0x0000000081a00000, size: 2022 MB, Compressed Oops mode: 32-bit

CDS archive(s) not mapped
Compressed class space mapped at: 0x0000000100000000-0x0000000140000000, reserved size: 1073741824
Narrow klass base: 0x0000000000000000, Narrow klass shift: 3, Narrow klass range: 0x140000000

GC Precious Log:
 CPUs: 4 total, 4 available
 Memory: 8082M
 Large Page Support: Disabled
 NUMA Support: Disabled
 Compressed Oops: Enabled (32-bit)
 Heap Region Size: 1M
 Heap Min Capacity: 8M
 Heap Initial Capacity: 128M
 Heap Max Capacity: 2022M
 Pre-touch: Disabled
 Parallel Workers: 4
 Concurrent Workers: 1
 Concurrent Refinement Workers: 4
 Periodic GC: Disabled

Heap:
 garbage-first heap   total 191488K, used 92993K [0x0000000081a00000, 0x0000000100000000)
  region size 1024K, 44 young (45056K), 3 survivors (3072K)
 Metaspace       used 71870K, committed 72192K, reserved 1114112K
  class space    used 8527K, committed 8640K, reserved 1048576K

Heap Regions: E=young(eden), S=young(survivor), O=old, HS=humongous(starts), HC=humongous(continues), CS=collection set, F=free, OA=open archive, CA=closed archive, TAMS=top-at-mark-start (previous, next)
|   0|0x0000000081a00000, 0x0000000081b00000, 0x0000000081b00000|100%|HS|  |TAMS 0x0000000081b00000, 0x0000000081a00000| Complete 
|   1|0x0000000081b00000, 0x0000000081c00000, 0x0000000081c00000|100%|HC|  |TAMS 0x0000000081c00000, 0x0000000081b00000| Complete 
|   2|0x0000000081c00000, 0x0000000081d00000, 0x0000000081d00000|100%|HC|  |TAMS 0x0000000081d00000, 0x0000000081c00000| Complete 
|   3|0x0000000081d00000, 0x0000000081e00000, 0x0000000081e00000|100%|HC|  |TAMS 0x0000000081e00000, 0x0000000081d00000| Complete 
|   4|0x0000000081e00000, 0x0000000081f00000, 0x0000000081f00000|100%| O|  |TAMS 0x0000000081f00000, 0x0000000081e00000| Untracked 
|   5|0x0000000081f00000, 0x0000000082000000, 0x0000000082000000|100%| O|  |TAMS 0x0000000082000000, 0x0000000081f00000| Untracked 
|   6|0x0000000082000000, 0x0000000082100000, 0x0000000082100000|100%| O|  |TAMS 0x0000000082100000, 0x0000000082000000| Untracked 
|   7|0x0000000082100000, 0x0000000082200000, 0x0000000082200000|100%|HS|  |TAMS 0x0000000082200000, 0x0000000082100000| Complete 
|   8|0x0000000082200000, 0x0000000082300000, 0x0000000082300000|100%|HC|  |TAMS 0x0000000082300000, 0x0000000082200000| Complete 
|   9|0x0000000082300000, 0x0000000082400000, 0x0000000082400000|100%|HC|  |TAMS 0x0000000082400000, 0x0000000082300000| Complete 
|  10|0x0000000082400000, 0x0000000082500000, 0x0000000082500000|100%|HC|  |TAMS 0x0000000082500000, 0x0000000082400000| Complete 
|  11|0x0000000082500000, 0x0000000082600000, 0x0000000082600000|100%| O|  |TAMS 0x0000000082600000, 0x0000000082500000| Untracked 
|  12|0x0000000082600000, 0x0000000082700000, 0x0000000082700000|100%| O|  |TAMS 0x0000000082700000, 0x0000000082600000| Untracked 
|  13|0x0000000082700000, 0x0000000082800000, 0x0000000082800000|100%| O|  |TAMS 0x0000000082800000, 0x0000000082700000| Untracked 
|  14|0x0000000082800000, 0x0000000082900000, 0x0000000082900000|100%| O|  |TAMS 0x0000000082900000, 0x0000000082800000| Untracked 
|  15|0x0000000082900000, 0x0000000082a00000, 0x0000000082a00000|100%| O|  |TAMS 0x0000000082a00000, 0x0000000082900000| Untracked 
|  16|0x0000000082a00000, 0x0000000082b00000, 0x0000000082b00000|100%| O|  |TAMS 0x0000000082b00000, 0x0000000082a00000| Untracked 
|  17|0x0000000082b00000, 0x0000000082c00000, 0x0000000082c00000|100%| O|  |TAMS 0x0000000082c00000, 0x0000000082b00000| Untracked 
|  18|0x0000000082c00000, 0x0000000082d00000, 0x0000000082d00000|100%| O|  |TAMS 0x0000000082d00000, 0x0000000082c00000| Untracked 
|  19|0x0000000082d00000, 0x0000000082e00000, 0x0000000082e00000|100%|HS|  |TAMS 0x0000000082e00000, 0x0000000082d00000| Complete 
|  20|0x0000000082e00000, 0x0000000082f00000, 0x0000000082f00000|100%|HC|  |TAMS 0x0000000082f00000, 0x0000000082e00000| Complete 
|  21|0x0000000082f00000, 0x0000000083000000, 0x0000000083000000|100%| O|  |TAMS 0x0000000083000000, 0x0000000082f00000| Untracked 
|  22|0x0000000083000000, 0x0000000083100000, 0x0000000083100000|100%| O|  |TAMS 0x0000000083100000, 0x0000000083000000| Untracked 
|  23|0x0000000083100000, 0x0000000083200000, 0x0000000083200000|100%| O|  |TAMS 0x0000000083200000, 0x0000000083100000| Untracked 
|  24|0x0000000083200000, 0x0000000083300000, 0x0000000083300000|100%| O|  |TAMS 0x0000000083300000, 0x0000000083200000| Untracked 
|  25|0x0000000083300000, 0x0000000083400000, 0x0000000083400000|100%| O|  |TAMS 0x0000000083400000, 0x0000000083300000| Untracked 
|  26|0x0000000083400000, 0x0000000083500000, 0x0000000083500000|100%| O|  |TAMS 0x0000000083500000, 0x0000000083400000| Untracked 
|  27|0x0000000083500000, 0x0000000083600000, 0x0000000083600000|100%| O|  |TAMS 0x0000000083600000, 0x0000000083500000| Untracked 
|  28|0x0000000083600000, 0x0000000083700000, 0x0000000083700000|100%| O|  |TAMS 0x0000000083700000, 0x0000000083600000| Untracked 
|  29|0x0000000083700000, 0x0000000083800000, 0x0000000083800000|100%| O|  |TAMS 0x0000000083800000, 0x0000000083700000| Untracked 
|  30|0x0000000083800000, 0x0000000083900000, 0x0000000083900000|100%| O|  |TAMS 0x0000000083900000, 0x0000000083800000| Untracked 
|  31|0x0000000083900000, 0x00000000839d0408, 0x0000000083a00000| 81%| O|  |TAMS 0x0000000083900000, 0x0000000083900000| Untracked 
|  32|0x0000000083a00000, 0x0000000083b00000, 0x0000000083b00000|100%| O|  |TAMS 0x0000000083b00000, 0x0000000083a00000| Untracked 
|  33|0x0000000083b00000, 0x0000000083c00000, 0x0000000083c00000|100%| O|  |TAMS 0x0000000083c00000, 0x0000000083b00000| Untracked 
|  34|0x0000000083c00000, 0x0000000083d00000, 0x0000000083d00000|100%| O|  |TAMS 0x0000000083d00000, 0x0000000083c00000| Untracked 
|  35|0x0000000083d00000, 0x0000000083e00000, 0x0000000083e00000|100%| O|  |TAMS 0x0000000083e00000, 0x0000000083d00000| Untracked 
|  36|0x0000000083e00000, 0x0000000083f00000, 0x0000000083f00000|100%| O|  |TAMS 0x0000000083f00000, 0x0000000083e00000| Untracked 
|  37|0x0000000083f00000, 0x0000000084000000, 0x0000000084000000|100%| O|  |TAMS 0x0000000084000000, 0x0000000083f00000| Untracked 
|  38|0x0000000084000000, 0x0000000084100000, 0x0000000084100000|100%| O|  |TAMS 0x0000000084100000, 0x0000000084000000| Untracked 
|  39|0x0000000084100000, 0x0000000084200000, 0x0000000084200000|100%| O|  |TAMS 0x0000000084200000, 0x0000000084100000| Untracked 
|  40|0x0000000084200000, 0x0000000084300000, 0x0000000084300000|100%| O|  |TAMS 0x0000000084300000, 0x0000000084200000| Untracked 
|  41|0x0000000084300000, 0x0000000084400000, 0x0000000084400000|100%| O|  |TAMS 0x0000000084400000, 0x0000000084300000| Untracked 
|  42|0x0000000084400000, 0x0000000084500000, 0x0000000084500000|100%| O|  |TAMS 0x0000000084500000, 0x0000000084400000| Untracked 
|  43|0x0000000084500000, 0x0000000084600000, 0x0000000084600000|100%| O|  |TAMS 0x0000000084600000, 0x0000000084500000| Untracked 
|  44|0x0000000084600000, 0x0000000084700000, 0x0000000084700000|100%| O|  |TAMS 0x0000000084700000, 0x0000000084600000| Complete 
|  45|0x0000000084700000, 0x0000000084800000, 0x0000000084800000|100%| O|  |TAMS 0x0000000084800000, 0x0000000084700000| Untracked 
|  46|0x0000000084800000, 0x0000000084900000, 0x0000000084900000|100%| O|  |TAMS 0x0000000084900000, 0x0000000084800000| Untracked 
|  47|0x0000000084900000, 0x0000000084a00000, 0x0000000084a00000|100%| O|  |TAMS 0x00000000849a2600, 0x0000000084900000| Untracked 
|  48|0x0000000084a00000, 0x0000000084a00000, 0x0000000084b00000|  0%| F|  |TAMS 0x0000000084a00000, 0x0000000084a00000| Untracked 
|  49|0x0000000084b00000, 0x0000000084b00000, 0x0000000084c00000|  0%| F|  |TAMS 0x0000000084b00000, 0x0000000084b00000| Untracked 
|  50|0x0000000084c00000, 0x0000000084c00000, 0x0000000084d00000|  0%| F|  |TAMS 0x0000000084c00000, 0x0000000084c00000| Untracked 
|  51|0x0000000084d00000, 0x0000000084d00000, 0x0000000084e00000|  0%| F|  |TAMS 0x0000000084d00000, 0x0000000084d00000| Untracked 
|  52|0x0000000084e00000, 0x0000000084e00000, 0x0000000084f00000|  0%| F|  |TAMS 0x0000000084e00000, 0x0000000084e00000| Untracked 
|  53|0x0000000084f00000, 0x0000000084f00000, 0x0000000085000000|  0%| F|  |TAMS 0x0000000084f00000, 0x0000000084f00000| Untracked 
|  54|0x0000000085000000, 0x0000000085000000, 0x0000000085100000|  0%| F|  |TAMS 0x0000000085000000, 0x0000000085000000| Untracked 
|  55|0x0000000085100000, 0x0000000085100000, 0x0000000085200000|  0%| F|  |TAMS 0x0000000085100000, 0x0000000085100000| Untracked 
|  56|0x0000000085200000, 0x0000000085200000, 0x0000000085300000|  0%| F|  |TAMS 0x0000000085200000, 0x0000000085200000| Untracked 
|  57|0x0000000085300000, 0x0000000085300000, 0x0000000085400000|  0%| F|  |TAMS 0x0000000085300000, 0x0000000085300000| Untracked 
|  58|0x0000000085400000, 0x0000000085400000, 0x0000000085500000|  0%| F|  |TAMS 0x0000000085400000, 0x0000000085400000| Untracked 
|  59|0x0000000085500000, 0x0000000085600000, 0x0000000085600000|100%| S|CS|TAMS 0x0000000085500000, 0x0000000085500000| Complete 
|  60|0x0000000085600000, 0x0000000085700000, 0x0000000085700000|100%| S|CS|TAMS 0x0000000085600000, 0x0000000085600000| Complete 
|  61|0x0000000085700000, 0x0000000085800000, 0x0000000085800000|100%| S|CS|TAMS 0x0000000085700000, 0x0000000085700000| Complete 
|  62|0x0000000085800000, 0x0000000085800000, 0x0000000085900000|  0%| F|  |TAMS 0x0000000085800000, 0x0000000085800000| Untracked 
|  63|0x0000000085900000, 0x0000000085900000, 0x0000000085a00000|  0%| F|  |TAMS 0x0000000085900000, 0x0000000085900000| Untracked 
|  64|0x0000000085a00000, 0x0000000085a00000, 0x0000000085b00000|  0%| F|  |TAMS 0x0000000085a00000, 0x0000000085a00000| Untracked 
|  65|0x0000000085b00000, 0x0000000085b00000, 0x0000000085c00000|  0%| F|  |TAMS 0x0000000085b00000, 0x0000000085b00000| Untracked 
|  66|0x0000000085c00000, 0x0000000085c00000, 0x0000000085d00000|  0%| F|  |TAMS 0x0000000085c00000, 0x0000000085c00000| Untracked 
|  67|0x0000000085d00000, 0x0000000085d00000, 0x0000000085e00000|  0%| F|  |TAMS 0x0000000085d00000, 0x0000000085d00000| Untracked 
|  68|0x0000000085e00000, 0x0000000085e00000, 0x0000000085f00000|  0%| F|  |TAMS 0x0000000085e00000, 0x0000000085e00000| Untracked 
|  69|0x0000000085f00000, 0x0000000085f00000, 0x0000000086000000|  0%| F|  |TAMS 0x0000000085f00000, 0x0000000085f00000| Untracked 
|  70|0x0000000086000000, 0x0000000086000000, 0x0000000086100000|  0%| F|  |TAMS 0x0000000086000000, 0x0000000086000000| Untracked 
|  71|0x0000000086100000, 0x0000000086100000, 0x0000000086200000|  0%| F|  |TAMS 0x0000000086100000, 0x0000000086100000| Untracked 
|  72|0x0000000086200000, 0x0000000086200000, 0x0000000086300000|  0%| F|  |TAMS 0x0000000086200000, 0x0000000086200000| Untracked 
|  73|0x0000000086300000, 0x0000000086300000, 0x0000000086400000|  0%| F|  |TAMS 0x0000000086300000, 0x0000000086300000| Untracked 
|  74|0x0000000086400000, 0x0000000086400000, 0x0000000086500000|  0%| F|  |TAMS 0x0000000086400000, 0x0000000086400000| Untracked 
|  75|0x0000000086500000, 0x0000000086500000, 0x0000000086600000|  0%| F|  |TAMS 0x0000000086500000, 0x0000000086500000| Untracked 
|  76|0x0000000086600000, 0x0000000086600000, 0x0000000086700000|  0%| F|  |TAMS 0x0000000086600000, 0x0000000086600000| Untracked 
|  77|0x0000000086700000, 0x0000000086700000, 0x0000000086800000|  0%| F|  |TAMS 0x0000000086700000, 0x0000000086700000| Untracked 
|  78|0x0000000086800000, 0x0000000086800000, 0x0000000086900000|  0%| F|  |TAMS 0x0000000086800000, 0x0000000086800000| Untracked 
|  79|0x0000000086900000, 0x0000000086900000, 0x0000000086a00000|  0%| F|  |TAMS 0x0000000086900000, 0x0000000086900000| Untracked 
|  80|0x0000000086a00000, 0x0000000086a00000, 0x0000000086b00000|  0%| F|  |TAMS 0x0000000086a00000, 0x0000000086a00000| Untracked 
|  81|0x0000000086b00000, 0x0000000086b00000, 0x0000000086c00000|  0%| F|  |TAMS 0x0000000086b00000, 0x0000000086b00000| Untracked 
|  82|0x0000000086c00000, 0x0000000086c00000, 0x0000000086d00000|  0%| F|  |TAMS 0x0000000086c00000, 0x0000000086c00000| Untracked 
|  83|0x0000000086d00000, 0x0000000086d00000, 0x0000000086e00000|  0%| F|  |TAMS 0x0000000086d00000, 0x0000000086d00000| Untracked 
|  84|0x0000000086e00000, 0x0000000086e00000, 0x0000000086f00000|  0%| F|  |TAMS 0x0000000086e00000, 0x0000000086e00000| Untracked 
|  85|0x0000000086f00000, 0x0000000086f00000, 0x0000000087000000|  0%| F|  |TAMS 0x0000000086f00000, 0x0000000086f00000| Untracked 
|  86|0x0000000087000000, 0x0000000087000000, 0x0000000087100000|  0%| F|  |TAMS 0x0000000087000000, 0x0000000087000000| Untracked 
|  87|0x0000000087100000, 0x0000000087100000, 0x0000000087200000|  0%| F|  |TAMS 0x0000000087100000, 0x0000000087100000| Untracked 
|  88|0x0000000087200000, 0x0000000087200000, 0x0000000087300000|  0%| F|  |TAMS 0x0000000087200000, 0x0000000087200000| Untracked 
|  89|0x0000000087300000, 0x0000000087300000, 0x0000000087400000|  0%| F|  |TAMS 0x0000000087300000, 0x0000000087300000| Untracked 
|  90|0x0000000087400000, 0x0000000087400000, 0x0000000087500000|  0%| F|  |TAMS 0x0000000087400000, 0x0000000087400000| Untracked 
|  91|0x0000000087500000, 0x0000000087500000, 0x0000000087600000|  0%| F|  |TAMS 0x0000000087500000, 0x0000000087500000| Untracked 
|  92|0x0000000087600000, 0x0000000087600000, 0x0000000087700000|  0%| F|  |TAMS 0x0000000087600000, 0x0000000087600000| Untracked 
|  93|0x0000000087700000, 0x0000000087700000, 0x0000000087800000|  0%| F|  |TAMS 0x0000000087700000, 0x0000000087700000| Untracked 
|  94|0x0000000087800000, 0x0000000087800000, 0x0000000087900000|  0%| F|  |TAMS 0x0000000087800000, 0x0000000087800000| Untracked 
|  95|0x0000000087900000, 0x0000000087900000, 0x0000000087a00000|  0%| F|  |TAMS 0x0000000087900000, 0x0000000087900000| Untracked 
|  96|0x0000000087a00000, 0x0000000087a00000, 0x0000000087b00000|  0%| F|  |TAMS 0x0000000087a00000, 0x0000000087a00000| Untracked 
|  97|0x0000000087b00000, 0x0000000087b00000, 0x0000000087c00000|  0%| F|  |TAMS 0x0000000087b00000, 0x0000000087b00000| Untracked 
|  98|0x0000000087c00000, 0x0000000087c00000, 0x0000000087d00000|  0%| F|  |TAMS 0x0000000087c00000, 0x0000000087c00000| Untracked 
|  99|0x0000000087d00000, 0x0000000087d00000, 0x0000000087e00000|  0%| F|  |TAMS 0x0000000087d00000, 0x0000000087d00000| Untracked 
| 100|0x0000000087e00000, 0x0000000087e00000, 0x0000000087f00000|  0%| F|  |TAMS 0x0000000087e00000, 0x0000000087e00000| Untracked 
| 101|0x0000000087f00000, 0x0000000087f00000, 0x0000000088000000|  0%| F|  |TAMS 0x0000000087f00000, 0x0000000087f00000| Untracked 
| 102|0x0000000088000000, 0x0000000088000000, 0x0000000088100000|  0%| F|  |TAMS 0x0000000088000000, 0x0000000088000000| Untracked 
| 103|0x0000000088100000, 0x0000000088100000, 0x0000000088200000|  0%| F|  |TAMS 0x0000000088100000, 0x0000000088100000| Untracked 
| 104|0x0000000088200000, 0x0000000088200000, 0x0000000088300000|  0%| F|  |TAMS 0x0000000088200000, 0x0000000088200000| Untracked 
| 105|0x0000000088300000, 0x0000000088300000, 0x0000000088400000|  0%| F|  |TAMS 0x0000000088300000, 0x0000000088300000| Untracked 
| 106|0x0000000088400000, 0x0000000088400000, 0x0000000088500000|  0%| F|  |TAMS 0x0000000088400000, 0x0000000088400000| Untracked 
| 107|0x0000000088500000, 0x0000000088500000, 0x0000000088600000|  0%| F|  |TAMS 0x0000000088500000, 0x0000000088500000| Untracked 
| 108|0x0000000088600000, 0x0000000088600000, 0x0000000088700000|  0%| F|  |TAMS 0x0000000088600000, 0x0000000088600000| Untracked 
| 109|0x0000000088700000, 0x0000000088700000, 0x0000000088800000|  0%| F|  |TAMS 0x0000000088700000, 0x0000000088700000| Untracked 
| 110|0x0000000088800000, 0x0000000088800000, 0x0000000088900000|  0%| F|  |TAMS 0x0000000088800000, 0x0000000088800000| Untracked 
| 111|0x0000000088900000, 0x0000000088900000, 0x0000000088a00000|  0%| F|  |TAMS 0x0000000088900000, 0x0000000088900000| Untracked 
| 112|0x0000000088a00000, 0x0000000088a00000, 0x0000000088b00000|  0%| F|  |TAMS 0x0000000088a00000, 0x0000000088a00000| Untracked 
| 113|0x0000000088b00000, 0x0000000088b00000, 0x0000000088c00000|  0%| F|  |TAMS 0x0000000088b00000, 0x0000000088b00000| Untracked 
| 114|0x0000000088c00000, 0x0000000088c00000, 0x0000000088d00000|  0%| F|  |TAMS 0x0000000088c00000, 0x0000000088c00000| Untracked 
| 115|0x0000000088d00000, 0x0000000088d00000, 0x0000000088e00000|  0%| F|  |TAMS 0x0000000088d00000, 0x0000000088d00000| Untracked 
| 116|0x0000000088e00000, 0x0000000088e00000, 0x0000000088f00000|  0%| F|  |TAMS 0x0000000088e00000, 0x0000000088e00000| Untracked 
| 117|0x0000000088f00000, 0x0000000088f00000, 0x0000000089000000|  0%| F|  |TAMS 0x0000000088f00000, 0x0000000088f00000| Untracked 
| 118|0x0000000089000000, 0x0000000089000000, 0x0000000089100000|  0%| F|  |TAMS 0x0000000089000000, 0x0000000089000000| Untracked 
| 119|0x0000000089100000, 0x0000000089100000, 0x0000000089200000|  0%| F|  |TAMS 0x0000000089100000, 0x0000000089100000| Untracked 
| 120|0x0000000089200000, 0x0000000089200000, 0x0000000089300000|  0%| F|  |TAMS 0x0000000089200000, 0x0000000089200000| Untracked 
| 121|0x0000000089300000, 0x0000000089300000, 0x0000000089400000|  0%| F|  |TAMS 0x0000000089300000, 0x0000000089300000| Untracked 
| 122|0x0000000089400000, 0x0000000089400000, 0x0000000089500000|  0%| F|  |TAMS 0x0000000089400000, 0x0000000089400000| Untracked 
| 123|0x0000000089500000, 0x0000000089500000, 0x0000000089600000|  0%| F|  |TAMS 0x0000000089500000, 0x0000000089500000| Untracked 
| 124|0x0000000089600000, 0x0000000089600000, 0x0000000089700000|  0%| F|  |TAMS 0x0000000089600000, 0x0000000089600000| Untracked 
| 125|0x0000000089700000, 0x0000000089700000, 0x0000000089800000|  0%| F|  |TAMS 0x0000000089700000, 0x0000000089700000| Untracked 
| 126|0x0000000089800000, 0x0000000089800000, 0x0000000089900000|  0%| F|  |TAMS 0x0000000089800000, 0x0000000089800000| Untracked 
| 127|0x0000000089900000, 0x0000000089900000, 0x0000000089a00000|  0%| F|  |TAMS 0x0000000089900000, 0x0000000089900000| Untracked 
| 128|0x0000000089a00000, 0x0000000089a00000, 0x0000000089b00000|  0%| F|  |TAMS 0x0000000089a00000, 0x0000000089a00000| Untracked 
| 129|0x0000000089b00000, 0x0000000089b00000, 0x0000000089c00000|  0%| F|  |TAMS 0x0000000089b00000, 0x0000000089b00000| Untracked 
| 130|0x0000000089c00000, 0x0000000089c00000, 0x0000000089d00000|  0%| F|  |TAMS 0x0000000089c00000, 0x0000000089c00000| Untracked 
| 131|0x0000000089d00000, 0x0000000089d00000, 0x0000000089e00000|  0%| F|  |TAMS 0x0000000089d00000, 0x0000000089d00000| Untracked 
| 132|0x0000000089e00000, 0x0000000089e00000, 0x0000000089f00000|  0%| F|  |TAMS 0x0000000089e00000, 0x0000000089e00000| Untracked 
| 133|0x0000000089f00000, 0x0000000089f00000, 0x000000008a000000|  0%| F|  |TAMS 0x0000000089f00000, 0x0000000089f00000| Untracked 
| 134|0x000000008a000000, 0x000000008a000000, 0x000000008a100000|  0%| F|  |TAMS 0x000000008a000000, 0x000000008a000000| Untracked 
| 135|0x000000008a100000, 0x000000008a100000, 0x000000008a200000|  0%| F|  |TAMS 0x000000008a100000, 0x000000008a100000| Untracked 
| 136|0x000000008a200000, 0x000000008a200000, 0x000000008a300000|  0%| F|  |TAMS 0x000000008a200000, 0x000000008a200000| Untracked 
| 137|0x000000008a300000, 0x000000008a300000, 0x000000008a400000|  0%| F|  |TAMS 0x000000008a300000, 0x000000008a300000| Untracked 
| 138|0x000000008a400000, 0x000000008a400000, 0x000000008a500000|  0%| F|  |TAMS 0x000000008a400000, 0x000000008a400000| Untracked 
| 139|0x000000008a500000, 0x000000008a500000, 0x000000008a600000|  0%| F|  |TAMS 0x000000008a500000, 0x000000008a500000| Untracked 
| 140|0x000000008a600000, 0x000000008a600000, 0x000000008a700000|  0%| F|  |TAMS 0x000000008a600000, 0x000000008a600000| Untracked 
| 141|0x000000008a700000, 0x000000008a700000, 0x000000008a800000|  0%| F|  |TAMS 0x000000008a700000, 0x000000008a700000| Untracked 
| 142|0x000000008a800000, 0x000000008a800000, 0x000000008a900000|  0%| F|  |TAMS 0x000000008a800000, 0x000000008a800000| Untracked 
| 143|0x000000008a900000, 0x000000008a900000, 0x000000008aa00000|  0%| F|  |TAMS 0x000000008a900000, 0x000000008a900000| Untracked 
| 144|0x000000008aa00000, 0x000000008aa00000, 0x000000008ab00000|  0%| F|  |TAMS 0x000000008aa00000, 0x000000008aa00000| Untracked 
| 145|0x000000008ab00000, 0x000000008ab80800, 0x000000008ac00000| 50%| E|  |TAMS 0x000000008ab00000, 0x000000008ab00000| Complete 
| 146|0x000000008ac00000, 0x000000008ad00000, 0x000000008ad00000|100%| E|CS|TAMS 0x000000008ac00000, 0x000000008ac00000| Complete 
| 147|0x000000008ad00000, 0x000000008ae00000, 0x000000008ae00000|100%| E|CS|TAMS 0x000000008ad00000, 0x000000008ad00000| Complete 
| 148|0x000000008ae00000, 0x000000008af00000, 0x000000008af00000|100%| E|CS|TAMS 0x000000008ae00000, 0x000000008ae00000| Complete 
| 149|0x000000008af00000, 0x000000008b000000, 0x000000008b000000|100%| E|CS|TAMS 0x000000008af00000, 0x000000008af00000| Complete 
| 150|0x000000008b000000, 0x000000008b100000, 0x000000008b100000|100%| E|CS|TAMS 0x000000008b000000, 0x000000008b000000| Complete 
| 151|0x000000008b100000, 0x000000008b200000, 0x000000008b200000|100%| E|CS|TAMS 0x000000008b100000, 0x000000008b100000| Complete 
| 152|0x000000008b200000, 0x000000008b300000, 0x000000008b300000|100%| E|CS|TAMS 0x000000008b200000, 0x000000008b200000| Complete 
| 153|0x000000008b300000, 0x000000008b400000, 0x000000008b400000|100%| E|CS|TAMS 0x000000008b300000, 0x000000008b300000| Complete 
| 154|0x000000008b400000, 0x000000008b500000, 0x000000008b500000|100%| E|CS|TAMS 0x000000008b400000, 0x000000008b400000| Complete 
| 155|0x000000008b500000, 0x000000008b600000, 0x000000008b600000|100%| E|CS|TAMS 0x000000008b500000, 0x000000008b500000| Complete 
| 156|0x000000008b600000, 0x000000008b700000, 0x000000008b700000|100%| E|CS|TAMS 0x000000008b600000, 0x000000008b600000| Complete 
| 157|0x000000008b700000, 0x000000008b800000, 0x000000008b800000|100%| E|CS|TAMS 0x000000008b700000, 0x000000008b700000| Complete 
| 158|0x000000008b800000, 0x000000008b900000, 0x000000008b900000|100%| E|CS|TAMS 0x000000008b800000, 0x000000008b800000| Complete 
| 159|0x000000008b900000, 0x000000008ba00000, 0x000000008ba00000|100%| E|CS|TAMS 0x000000008b900000, 0x000000008b900000| Complete 
| 160|0x000000008ba00000, 0x000000008bb00000, 0x000000008bb00000|100%| E|CS|TAMS 0x000000008ba00000, 0x000000008ba00000| Complete 
| 161|0x000000008bb00000, 0x000000008bc00000, 0x000000008bc00000|100%| E|CS|TAMS 0x000000008bb00000, 0x000000008bb00000| Complete 
| 162|0x000000008bc00000, 0x000000008bd00000, 0x000000008bd00000|100%| E|CS|TAMS 0x000000008bc00000, 0x000000008bc00000| Complete 
| 163|0x000000008bd00000, 0x000000008be00000, 0x000000008be00000|100%| E|CS|TAMS 0x000000008bd00000, 0x000000008bd00000| Complete 
| 164|0x000000008be00000, 0x000000008bf00000, 0x000000008bf00000|100%| E|CS|TAMS 0x000000008be00000, 0x000000008be00000| Complete 
| 165|0x000000008bf00000, 0x000000008c000000, 0x000000008c000000|100%| E|CS|TAMS 0x000000008bf00000, 0x000000008bf00000| Complete 
| 166|0x000000008c000000, 0x000000008c100000, 0x000000008c100000|100%| E|CS|TAMS 0x000000008c000000, 0x000000008c000000| Complete 
| 167|0x000000008c100000, 0x000000008c200000, 0x000000008c200000|100%| E|CS|TAMS 0x000000008c100000, 0x000000008c100000| Complete 
| 168|0x000000008c200000, 0x000000008c300000, 0x000000008c300000|100%| E|CS|TAMS 0x000000008c200000, 0x000000008c200000| Complete 
| 169|0x000000008c300000, 0x000000008c400000, 0x000000008c400000|100%| E|CS|TAMS 0x000000008c300000, 0x000000008c300000| Complete 
| 170|0x000000008c400000, 0x000000008c500000, 0x000000008c500000|100%| E|CS|TAMS 0x000000008c400000, 0x000000008c400000| Complete 
| 171|0x000000008c500000, 0x000000008c600000, 0x000000008c600000|100%| E|CS|TAMS 0x000000008c500000, 0x000000008c500000| Complete 
| 172|0x000000008c600000, 0x000000008c700000, 0x000000008c700000|100%| E|CS|TAMS 0x000000008c600000, 0x000000008c600000| Complete 
| 173|0x000000008c700000, 0x000000008c800000, 0x000000008c800000|100%| E|CS|TAMS 0x000000008c700000, 0x000000008c700000| Complete 
| 174|0x000000008c800000, 0x000000008c900000, 0x000000008c900000|100%| E|CS|TAMS 0x000000008c800000, 0x000000008c800000| Complete 
| 175|0x000000008c900000, 0x000000008ca00000, 0x000000008ca00000|100%| E|CS|TAMS 0x000000008c900000, 0x000000008c900000| Complete 
| 176|0x000000008ca00000, 0x000000008cb00000, 0x000000008cb00000|100%| E|CS|TAMS 0x000000008ca00000, 0x000000008ca00000| Complete 
| 177|0x000000008cb00000, 0x000000008cc00000, 0x000000008cc00000|100%| E|CS|TAMS 0x000000008cb00000, 0x000000008cb00000| Complete 
| 178|0x000000008cc00000, 0x000000008cd00000, 0x000000008cd00000|100%| E|CS|TAMS 0x000000008cc00000, 0x000000008cc00000| Complete 
| 179|0x000000008cd00000, 0x000000008ce00000, 0x000000008ce00000|100%| E|CS|TAMS 0x000000008cd00000, 0x000000008cd00000| Complete 
| 180|0x000000008ce00000, 0x000000008cf00000, 0x000000008cf00000|100%| E|CS|TAMS 0x000000008ce00000, 0x000000008ce00000| Complete 
| 181|0x000000008cf00000, 0x000000008d000000, 0x000000008d000000|100%| E|CS|TAMS 0x000000008cf00000, 0x000000008cf00000| Complete 
| 192|0x000000008da00000, 0x000000008db00000, 0x000000008db00000|100%| E|CS|TAMS 0x000000008da00000, 0x000000008da00000| Complete 
| 193|0x000000008db00000, 0x000000008dc00000, 0x000000008dc00000|100%| E|CS|TAMS 0x000000008db00000, 0x000000008db00000| Complete 
| 194|0x000000008dc00000, 0x000000008dd00000, 0x000000008dd00000|100%| E|CS|TAMS 0x000000008dc00000, 0x000000008dc00000| Complete 
| 195|0x000000008dd00000, 0x000000008de00000, 0x000000008de00000|100%| E|CS|TAMS 0x000000008dd00000, 0x000000008dd00000| Complete 
| 196|0x000000008de00000, 0x000000008df00000, 0x000000008df00000|100%| E|CS|TAMS 0x000000008de00000, 0x000000008de00000| Complete 

Card table byte_map: [0x000001a1aaa70000,0x000001a1aae70000] _byte_map_base: 0x000001a1aa663000

Marking Bits (Prev, Next): (CMBitMap*) 0x000001a1963e6760, (CMBitMap*) 0x000001a1963e67a0
 Prev Bits: [0x000001a1ab270000, 0x000001a1ad208000)
 Next Bits: [0x000001a1ad210000, 0x000001a1af1a8000)

Polling page: 0x000001a196180000

Metaspace:

Usage:
  Non-class:     61.92 MB used.
      Class:      8.33 MB used.
       Both:     70.25 MB used.

Virtual space:
  Non-class space:       64.00 MB reserved,      62.12 MB ( 97%) committed,  8 nodes.
      Class space:        1.00 GB reserved,       8.44 MB ( <1%) committed,  1 nodes.
             Both:        1.06 GB reserved,      70.56 MB (  6%) committed. 

Chunk freelists:
   Non-Class:  1.80 MB
       Class:  3.50 MB
        Both:  5.30 MB

MaxMetaspaceSize: unlimited
CompressedClassSpaceSize: 1.00 GB
Initial GC threshold: 21.00 MB
Current GC threshold: 106.06 MB
CDS: off
MetaspaceReclaimPolicy: balanced
 - commit_granule_bytes: 65536.
 - commit_granule_words: 8192.
 - virtual_space_node_default_size: 1048576.
 - enlarge_chunks_in_place: 1.
 - new_chunks_are_fully_committed: 0.
 - uncommit_free_chunks: 1.
 - use_allocation_guard: 0.
 - handle_deallocations: 1.


Internal statistics:

num_allocs_failed_limit: 3.
num_arena_births: 316.
num_arena_deaths: 0.
num_vsnodes_births: 9.
num_vsnodes_deaths: 0.
num_space_committed: 1127.
num_space_uncommitted: 0.
num_chunks_returned_to_freelist: 3.
num_chunks_taken_from_freelist: 2530.
num_chunk_merges: 3.
num_chunk_splits: 2036.
num_chunks_enlarged: 1824.
num_purges: 0.
num_inconsistent_stats: 0.

CodeHeap 'non-profiled nmethods': size=120000Kb used=3356Kb max_used=3356Kb free=116643Kb
 bounds [0x000001a1a2b20000, 0x000001a1a2e70000, 0x000001a1aa050000]
CodeHeap 'profiled nmethods': size=120000Kb used=20700Kb max_used=20700Kb free=99299Kb
 bounds [0x000001a19b050000, 0x000001a19c490000, 0x000001a1a2580000]
CodeHeap 'non-nmethods': size=5760Kb used=1377Kb max_used=1407Kb free=4382Kb
 bounds [0x000001a1a2580000, 0x000001a1a27f0000, 0x000001a1a2b20000]
 total_blobs=8485 nmethods=7769 adapters=626
 compilation: enabled
              stopped_count=0, restarted_count=0
 full_count=0

Compilation events (20 events):
Event: 22.317 Thread 0x000001a1b182e7e0 nmethod 8564 0x000001a19c451e90 code [0x000001a19c4520a0, 0x000001a19c4526e8]
Event: 22.317 Thread 0x000001a1b182e7e0 8570       3       org.jetbrains.kotlin.psi2ir.generators.IrSyntheticDeclarationGenerator::visitValueParameter (13 bytes)
Event: 22.318 Thread 0x000001a1b182e7e0 nmethod 8570 0x000001a19c452990 code [0x000001a19c452c80, 0x000001a19c453b28]
Event: 22.318 Thread 0x000001a1b182e7e0 8571       3       org.jetbrains.kotlin.psi2ir.generators.IrSyntheticDeclarationGenerator::visitValueParameter (7 bytes)
Event: 22.319 Thread 0x000001a1b182e7e0 nmethod 8571 0x000001a19c454090 code [0x000001a19c454380, 0x000001a19c4550c8]
Event: 22.319 Thread 0x000001a1b182e7e0 8572       3       org.jetbrains.kotlin.psi2ir.generators.IrSyntheticDeclarationGenerator::visitValueParameter (6 bytes)
Event: 22.320 Thread 0x000001a1b182e7e0 nmethod 8572 0x000001a19c455610 code [0x000001a19c455920, 0x000001a19c4567c8]
Event: 22.320 Thread 0x000001a1b182e7e0 8566       3       org.jetbrains.kotlin.ir.declarations.IrSimpleFunction::accept (15 bytes)
Event: 22.321 Thread 0x000001a1b182e7e0 nmethod 8566 0x000001a19c456d10 code [0x000001a19c456f20, 0x000001a19c4575a8]
Event: 22.321 Thread 0x000001a1b182e7e0 8567       3       org.jetbrains.kotlin.ir.visitors.IrElementVisitorVoid$DefaultImpls::visitSimpleFunction (14 bytes)
Event: 22.322 Thread 0x000001a1b182e7e0 nmethod 8567 0x000001a19c457810 code [0x000001a19c457a20, 0x000001a19c458068]
Event: 22.322 Thread 0x000001a1b182e7e0 8568       3       org.jetbrains.kotlin.ir.visitors.IrElementVisitorVoid$DefaultImpls::visitSimpleFunction (17 bytes)
Event: 22.323 Thread 0x000001a1b182e7e0 nmethod 8568 0x000001a19c458310 code [0x000001a19c458520, 0x000001a19c458b68]
Event: 22.333 Thread 0x000001a1b182e7e0 8573       1       org.jetbrains.kotlin.ir.types.impl.IrTypeBase::getKotlinType (5 bytes)
Event: 22.334 Thread 0x000001a1b182e7e0 nmethod 8573 0x000001a1a2e66510 code [0x000001a1a2e666a0, 0x000001a1a2e66778]
Event: 22.335 Thread 0x000001a1b182e7e0 8574       3       org.jetbrains.kotlin.types.AbstractTypeApproximator::typeDepth (18 bytes)
Event: 22.336 Thread 0x000001a1b182e7e0 nmethod 8574 0x000001a19c458e10 code [0x000001a19c459020, 0x000001a19c459688]
Event: 22.337 Thread 0x000001a1b182e7e0 8575       3       org.jetbrains.kotlin.types.AbstractTypeApproximator::approximateSimpleToSuperType (9 bytes)
Event: 22.337 Thread 0x000001a1b182e7e0 nmethod 8575 0x000001a19c459910 code [0x000001a19c459aa0, 0x000001a19c459be8]
Event: 22.338 Thread 0x000001a1b182e7e0 8576       3       org.jetbrains.kotlin.types.TypeSubstitutor::unsafeSubstitute (793 bytes)

GC Heap History (20 events):
Event: 12.522 GC heap before
{Heap before GC invocations=23 (full 0):
 garbage-first heap   total 60416K, used 46194K [0x0000000081a00000, 0x0000000100000000)
  region size 1024K, 14 young (14336K), 2 survivors (2048K)
 Metaspace       used 52173K, committed 52480K, reserved 1097728K
  class space    used 6254K, committed 6400K, reserved 1048576K
}
Event: 12.533 GC heap after
{Heap after GC invocations=24 (full 0):
 garbage-first heap   total 60416K, used 36841K [0x0000000081a00000, 0x0000000100000000)
  region size 1024K, 2 young (2048K), 2 survivors (2048K)
 Metaspace       used 52173K, committed 52480K, reserved 1097728K
  class space    used 6254K, committed 6400K, reserved 1048576K
}
Event: 13.353 GC heap before
{Heap before GC invocations=25 (full 0):
 garbage-first heap   total 66560K, used 47081K [0x0000000081a00000, 0x0000000100000000)
  region size 1024K, 12 young (12288K), 2 survivors (2048K)
 Metaspace       used 53736K, committed 54016K, reserved 1097728K
  class space    used 6390K, committed 6528K, reserved 1048576K
}
Event: 13.365 GC heap after
{Heap after GC invocations=26 (full 0):
 garbage-first heap   total 66560K, used 38557K [0x0000000081a00000, 0x0000000100000000)
  region size 1024K, 2 young (2048K), 2 survivors (2048K)
 Metaspace       used 53736K, committed 54016K, reserved 1097728K
  class space    used 6390K, committed 6528K, reserved 1048576K
}
Event: 13.454 GC heap before
{Heap before GC invocations=26 (full 0):
 garbage-first heap   total 66560K, used 39581K [0x0000000081a00000, 0x0000000100000000)
  region size 1024K, 3 young (3072K), 2 survivors (2048K)
 Metaspace       used 53815K, committed 54080K, reserved 1097728K
  class space    used 6390K, committed 6528K, reserved 1048576K
}
Event: 13.464 GC heap after
{Heap after GC invocations=27 (full 0):
 garbage-first heap   total 79872K, used 38863K [0x0000000081a00000, 0x0000000100000000)
  region size 1024K, 1 young (1024K), 1 survivors (1024K)
 Metaspace       used 53815K, committed 54080K, reserved 1097728K
  class space    used 6390K, committed 6528K, reserved 1048576K
}
Event: 14.766 GC heap before
{Heap before GC invocations=27 (full 0):
 garbage-first heap   total 79872K, used 60367K [0x0000000081a00000, 0x0000000100000000)
  region size 1024K, 22 young (22528K), 1 survivors (1024K)
 Metaspace       used 54387K, committed 54592K, reserved 1097728K
  class space    used 6403K, committed 6528K, reserved 1048576K
}
Event: 14.780 GC heap after
{Heap after GC invocations=28 (full 0):
 garbage-first heap   total 79872K, used 42735K [0x0000000081a00000, 0x0000000100000000)
  region size 1024K, 3 young (3072K), 3 survivors (3072K)
 Metaspace       used 54387K, committed 54592K, reserved 1097728K
  class space    used 6403K, committed 6528K, reserved 1048576K
}
Event: 15.491 GC heap before
{Heap before GC invocations=29 (full 0):
 garbage-first heap   total 79872K, used 62191K [0x0000000081a00000, 0x0000000100000000)
  region size 1024K, 22 young (22528K), 3 survivors (3072K)
 Metaspace       used 55282K, committed 55616K, reserved 1105920K
  class space    used 6495K, committed 6656K, reserved 1048576K
}
Event: 15.510 GC heap after
{Heap after GC invocations=30 (full 0):
 garbage-first heap   total 79872K, used 45368K [0x0000000081a00000, 0x0000000100000000)
  region size 1024K, 3 young (3072K), 3 survivors (3072K)
 Metaspace       used 55282K, committed 55616K, reserved 1105920K
  class space    used 6495K, committed 6656K, reserved 1048576K
}
Event: 15.516 GC heap before
{Heap before GC invocations=30 (full 0):
 garbage-first heap   total 79872K, used 46392K [0x0000000081a00000, 0x0000000100000000)
  region size 1024K, 4 young (4096K), 3 survivors (3072K)
 Metaspace       used 55283K, committed 55616K, reserved 1105920K
  class space    used 6495K, committed 6656K, reserved 1048576K
}
Event: 15.524 GC heap after
{Heap after GC invocations=31 (full 0):
 garbage-first heap   total 79872K, used 45276K [0x0000000081a00000, 0x0000000100000000)
  region size 1024K, 1 young (1024K), 1 survivors (1024K)
 Metaspace       used 55283K, committed 55616K, reserved 1105920K
  class space    used 6495K, committed 6656K, reserved 1048576K
}
Event: 16.648 GC heap before
{Heap before GC invocations=31 (full 0):
 garbage-first heap   total 79872K, used 62684K [0x0000000081a00000, 0x0000000100000000)
  region size 1024K, 18 young (18432K), 1 survivors (1024K)
 Metaspace       used 60359K, committed 60608K, reserved 1105920K
  class space    used 7228K, committed 7360K, reserved 1048576K
}
Event: 16.656 GC heap after
{Heap after GC invocations=32 (full 0):
 garbage-first heap   total 79872K, used 46086K [0x0000000081a00000, 0x0000000100000000)
  region size 1024K, 2 young (2048K), 2 survivors (2048K)
 Metaspace       used 60359K, committed 60608K, reserved 1105920K
  class space    used 7228K, committed 7360K, reserved 1048576K
}
Event: 18.024 GC heap before
{Heap before GC invocations=33 (full 0):
 garbage-first heap   total 81920K, used 63494K [0x0000000081a00000, 0x0000000100000000)
  region size 1024K, 19 young (19456K), 2 survivors (2048K)
 Metaspace       used 63393K, committed 63680K, reserved 1105920K
  class space    used 7717K, committed 7872K, reserved 1048576K
}
Event: 18.035 GC heap after
{Heap after GC invocations=34 (full 0):
 garbage-first heap   total 81920K, used 48193K [0x0000000081a00000, 0x0000000100000000)
  region size 1024K, 3 young (3072K), 3 survivors (3072K)
 Metaspace       used 63393K, committed 63680K, reserved 1105920K
  class space    used 7717K, committed 7872K, reserved 1048576K
}
Event: 18.153 GC heap before
{Heap before GC invocations=34 (full 0):
 garbage-first heap   total 81920K, used 49217K [0x0000000081a00000, 0x0000000100000000)
  region size 1024K, 4 young (4096K), 3 survivors (3072K)
 Metaspace       used 63612K, committed 63872K, reserved 1105920K
  class space    used 7740K, committed 7872K, reserved 1048576K
}
Event: 18.167 GC heap after
{Heap after GC invocations=35 (full 0):
 garbage-first heap   total 81920K, used 48265K [0x0000000081a00000, 0x0000000100000000)
  region size 1024K, 1 young (1024K), 1 survivors (1024K)
 Metaspace       used 63612K, committed 63872K, reserved 1105920K
  class space    used 7740K, committed 7872K, reserved 1048576K
}
Event: 19.582 GC heap before
{Heap before GC invocations=35 (full 0):
 garbage-first heap   total 81920K, used 65673K [0x0000000081a00000, 0x0000000100000000)
  region size 1024K, 18 young (18432K), 1 survivors (1024K)
 Metaspace       used 64827K, committed 65088K, reserved 1114112K
  class space    used 7817K, committed 7936K, reserved 1048576K
}
Event: 19.596 GC heap after
{Heap after GC invocations=36 (full 0):
 garbage-first heap   total 201728K, used 52033K [0x0000000081a00000, 0x0000000100000000)
  region size 1024K, 3 young (3072K), 3 survivors (3072K)
 Metaspace       used 64827K, committed 65088K, reserved 1114112K
  class space    used 7817K, committed 7936K, reserved 1048576K
}

Dll operation events (2 events):
Event: 0.015 Loaded shared library D:\android\android studio\jbr\bin\java.dll
Event: 3.004 Loaded shared library D:\android\android studio\jbr\bin\verify.dll

Deoptimization events (20 events):
Event: 21.814 Thread 0x000001a19638cac0 DEOPT PACKING pc=0x000001a1a2ddb16c sp=0x0000005e42bfb910
Event: 21.814 Thread 0x000001a19638cac0 DEOPT UNPACKING pc=0x000001a1a25d69a3 sp=0x0000005e42bfb860 mode 2
Event: 21.814 Thread 0x000001a19638cac0 Uncommon trap: trap_request=0xffffffc6 fr.pc=0x000001a1a2ddb16c relative=0x00000000000007cc
Event: 21.814 Thread 0x000001a19638cac0 Uncommon trap: reason=bimorphic_or_optimized_type_check action=maybe_recompile pc=0x000001a1a2ddb16c method=org.jetbrains.kotlin.storage.LockBasedStorageManager$LockBasedLazyValue.invoke()Ljava/lang/Object; @ 24 c2
Event: 21.814 Thread 0x000001a19638cac0 DEOPT PACKING pc=0x000001a1a2ddb16c sp=0x0000005e42bfb710
Event: 21.814 Thread 0x000001a19638cac0 DEOPT UNPACKING pc=0x000001a1a25d69a3 sp=0x0000005e42bfb660 mode 2
Event: 21.814 Thread 0x000001a19638cac0 Uncommon trap: trap_request=0xffffffc6 fr.pc=0x000001a1a2dd442c relative=0x000000000000080c
Event: 21.814 Thread 0x000001a19638cac0 Uncommon trap: reason=bimorphic_or_optimized_type_check action=maybe_recompile pc=0x000001a1a2dd442c method=org.jetbrains.kotlin.storage.LockBasedStorageManager$LockBasedLazyValue.invoke()Ljava/lang/Object; @ 24 c2
Event: 21.814 Thread 0x000001a19638cac0 DEOPT PACKING pc=0x000001a1a2dd442c sp=0x0000005e42bfb880
Event: 21.814 Thread 0x000001a19638cac0 DEOPT UNPACKING pc=0x000001a1a25d69a3 sp=0x0000005e42bfb838 mode 2
Event: 21.966 Thread 0x000001a19638cac0 DEOPT PACKING pc=0x000001a19c332bc4 sp=0x0000005e42bfd940
Event: 21.966 Thread 0x000001a19638cac0 DEOPT UNPACKING pc=0x000001a1a25d7143 sp=0x0000005e42bfcf90 mode 0
Event: 21.966 Thread 0x000001a19638cac0 DEOPT PACKING pc=0x000001a19c33055c sp=0x0000005e42bfdca0
Event: 21.966 Thread 0x000001a19638cac0 DEOPT UNPACKING pc=0x000001a1a25d7143 sp=0x0000005e42bfd300 mode 0
Event: 22.007 Thread 0x000001a19638cac0 DEOPT PACKING pc=0x000001a19c357794 sp=0x0000005e42bfdf80
Event: 22.007 Thread 0x000001a19638cac0 DEOPT UNPACKING pc=0x000001a1a25d7143 sp=0x0000005e42bfd5c8 mode 0
Event: 22.340 Thread 0x000001a19638cac0 Uncommon trap: trap_request=0xffffff45 fr.pc=0x000001a1a2bd8c34 relative=0x0000000000000214
Event: 22.340 Thread 0x000001a19638cac0 Uncommon trap: reason=unstable_if action=reinterpret pc=0x000001a1a2bd8c34 method=kotlin.text.StringsKt__StringsKt.substringAfter(Ljava/lang/String;Ljava/lang/String;Ljava/lang/String;)Ljava/lang/String; @ 36 c2
Event: 22.340 Thread 0x000001a19638cac0 DEOPT PACKING pc=0x000001a1a2bd8c34 sp=0x0000005e42bfb9c0
Event: 22.340 Thread 0x000001a19638cac0 DEOPT UNPACKING pc=0x000001a1a25d69a3 sp=0x0000005e42bfb940 mode 2

Classes unloaded (0 events):
No events

Classes redefined (0 events):
No events

Internal exceptions (20 events):
Event: 16.586 Thread 0x000001a19638cac0 Exception <a 'java/lang/NoSuchMethodError'{0x00000000856618b8}: 'void java.lang.invoke.DirectMethodHandle$Holder.invokeInterface(java.lang.Object, java.lang.Object)'> (0x00000000856618b8) 
thrown [s\src\hotspot\share\interpreter\linkResolver.cpp, line 771]
Event: 16.769 Thread 0x000001a19638cac0 Exception <a 'java/lang/IncompatibleClassChangeError'{0x0000000087e4ed90}: Found class java.lang.Object, but interface was expected> (0x0000000087e4ed90) 
thrown [s\src\hotspot\share\interpreter\linkResolver.cpp, line 838]
Event: 16.892 Thread 0x000001a19638cac0 Implicit null exception at 0x000001a1a2b38c72 to 0x000001a1a2b39248
Event: 16.937 Thread 0x000001a19638cac0 Exception <a 'java/lang/NoSuchMethodError'{0x0000000087b70bc0}: 'java.lang.Object java.lang.invoke.DirectMethodHandle$Holder.invokeInterface(java.lang.Object, java.lang.Object, java.lang.Object)'> (0x0000000087b70bc0) 
thrown [s\src\hotspot\share\interpreter\linkResolver.cpp, line 771]
Event: 16.937 Thread 0x000001a19638cac0 Exception <a 'java/lang/IncompatibleClassChangeError'{0x0000000087b74530}: Found class java.lang.Object, but interface was expected> (0x0000000087b74530) 
thrown [s\src\hotspot\share\interpreter\linkResolver.cpp, line 838]
Event: 16.966 Thread 0x000001a19638cac0 Implicit null exception at 0x000001a1a2b3a1f2 to 0x000001a1a2b3a7d8
Event: 17.581 Thread 0x000001a19638cac0 Implicit null exception at 0x000001a1a2d9a9bc to 0x000001a1a2d9b92c
Event: 17.960 Thread 0x000001a19638cac0 Exception <a 'java/lang/NoSuchMethodError'{0x00000000859609e0}: 'java.lang.Object java.lang.invoke.DirectMethodHandle$Holder.newInvokeSpecial(java.lang.Object, int, java.lang.Object)'> (0x00000000859609e0) 
thrown [s\src\hotspot\share\interpreter\linkResolver.cpp, line 771]
Event: 17.962 Thread 0x000001a19638cac0 Exception <a 'java/lang/NoSuchMethodError'{0x0000000085967090}: 'int java.lang.invoke.DirectMethodHandle$Holder.invokeInterface(java.lang.Object, java.lang.Object)'> (0x0000000085967090) 
thrown [s\src\hotspot\share\interpreter\linkResolver.cpp, line 771]
Event: 18.042 Thread 0x000001a19638cac0 Exception <a 'java/lang/NoSuchMethodError'{0x000000008991bfd0}: 'java.lang.Object java.lang.invoke.DirectMethodHandle$Holder.newInvokeSpecial(java.lang.Object, java.lang.Object, java.lang.Object, java.lang.Object, java.lang.Object, java.lang.Object, java.lang.Object)'> (0x000000008991bfd0) 
thrown [s\src\hotspot\share\interpreter\linkResolver.cpp, line 771]
Event: 18.043 Thread 0x000001a19638cac0 Exception <a 'java/lang/NoSuchMethodError'{0x00000000899213a8}: 'java.lang.Object java.lang.invoke.Invokers$Holder.linkToTargetMethod(java.lang.Object, java.lang.Object, java.lang.Object, java.lang.Object, java.lang.Object, java.lang.Object, java.lang.Object)'> (0x00000000899213a8) 
thrown [s\src\hotspot\share\interpreter\linkResolver.cpp, line 771]
Event: 18.138 Thread 0x000001a19638cac0 Exception <a 'java/lang/NoSuchMethodError'{0x00000000899e29c8}: 'void java.lang.invoke.DirectMethodHandle$Holder.invokeStatic(java.lang.Object, java.lang.Object, java.lang.Object)'> (0x00000000899e29c8) 
thrown [s\src\hotspot\share\interpreter\linkResolver.cpp, line 771]
Event: 18.528 Thread 0x000001a19638cac0 Exception <a 'java/lang/NoSuchMethodError'{0x0000000087ba5180}: 'int java.lang.invoke.DirectMethodHandle$Holder.invokeStaticInit(java.lang.Object, int)'> (0x0000000087ba5180) 
thrown [s\src\hotspot\share\interpreter\linkResolver.cpp, line 771]
Event: 18.762 Thread 0x000001a19638cac0 Exception <a 'java/lang/NoSuchMethodError'{0x0000000086280728}: 'java.lang.Object java.lang.invoke.DirectMethodHandle$Holder.invokeStatic(java.lang.Object, int, java.lang.Object)'> (0x0000000086280728) 
thrown [s\src\hotspot\share\interpreter\linkResolver.cpp, line 771]
Event: 20.591 Thread 0x000001a19638cac0 Implicit null exception at 0x000001a1a2bb0a6a to 0x000001a1a2bb0c2c
Event: 20.708 Thread 0x000001a19638cac0 Implicit null exception at 0x000001a1a2d96cd6 to 0x000001a1a2d96f84
Event: 20.901 Thread 0x000001a19638cac0 Exception <a 'java/lang/NoSuchMethodError'{0x000000008c4c0f08}: 'java.lang.Object java.lang.invoke.DirectMethodHandle$Holder.invokeStaticInit(java.lang.Object, java.lang.Object, java.lang.Object, java.lang.Object)'> (0x000000008c4c0f08) 
thrown [s\src\hotspot\share\interpreter\linkResolver.cpp, line 771]
Event: 21.540 Thread 0x000001a19638cac0 Implicit null exception at 0x000001a1a2b81c58 to 0x000001a1a2b81cea
Event: 21.763 Thread 0x000001a19638cac0 Exception <a 'java/lang/NoSuchMethodError'{0x000000008b4422f0}: 'java.lang.Object java.lang.invoke.DirectMethodHandle$Holder.invokeSpecial(java.lang.Object, java.lang.Object, int, int, java.lang.Object, java.lang.Object, java.lang.Object, java.lang.Object, java.lang.Object)'> (0x000000008b4422f0) 
thrown [s\src\hotspot\share\interpreter\linkResolver.cpp, line 771]
Event: 21.780 Thread 0x000001a19638cac0 Exception <a 'java/lang/NoSuchMethodError'{0x000000008b48bdd0}: 'java.lang.Object java.lang.invoke.DirectMethodHandle$Holder.newInvokeSpecial(java.lang.Object, int, java.lang.Object, java.lang.Object)'> (0x000000008b48bdd0) 
thrown [s\src\hotspot\share\interpreter\linkResolver.cpp, line 771]

VM Operations (20 events):
Event: 21.130 Executing VM operation: ICBufferFull
Event: 21.130 Executing VM operation: ICBufferFull done
Event: 21.162 Executing VM operation: HandshakeAllThreads
Event: 21.162 Executing VM operation: HandshakeAllThreads done
Event: 21.167 Executing VM operation: HandshakeAllThreads
Event: 21.167 Executing VM operation: HandshakeAllThreads done
Event: 21.277 Executing VM operation: HandshakeAllThreads
Event: 21.277 Executing VM operation: HandshakeAllThreads done
Event: 21.752 Executing VM operation: HandshakeAllThreads
Event: 21.752 Executing VM operation: HandshakeAllThreads done
Event: 21.815 Executing VM operation: ICBufferFull
Event: 21.815 Executing VM operation: ICBufferFull done
Event: 21.966 Executing VM operation: HandshakeAllThreads
Event: 21.966 Executing VM operation: HandshakeAllThreads done
Event: 22.006 Executing VM operation: HandshakeAllThreads
Event: 22.006 Executing VM operation: HandshakeAllThreads done
Event: 22.094 Executing VM operation: ICBufferFull
Event: 22.094 Executing VM operation: ICBufferFull done
Event: 22.300 Executing VM operation: HandshakeAllThreads
Event: 22.300 Executing VM operation: HandshakeAllThreads done

Events (20 events):
Event: 20.920 loading class jdk/internal/math/FloatingDecimal$BinaryToASCIIConverter
Event: 20.920 loading class jdk/internal/math/FloatingDecimal$BinaryToASCIIConverter done
Event: 20.920 loading class jdk/internal/math/FloatingDecimal$ExceptionalBinaryToASCIIBuffer done
Event: 20.920 loading class jdk/internal/math/FloatingDecimal$BinaryToASCIIBuffer
Event: 20.921 loading class jdk/internal/math/FloatingDecimal$BinaryToASCIIBuffer done
Event: 20.921 loading class jdk/internal/math/FloatingDecimal$1
Event: 20.921 loading class jdk/internal/math/FloatingDecimal$1 done
Event: 20.921 loading class jdk/internal/math/FloatingDecimal$PreparedASCIIToBinaryBuffer
Event: 20.921 loading class jdk/internal/math/FloatingDecimal$ASCIIToBinaryConverter
Event: 20.921 loading class jdk/internal/math/FloatingDecimal$ASCIIToBinaryConverter done
Event: 20.921 loading class jdk/internal/math/FloatingDecimal$PreparedASCIIToBinaryBuffer done
Event: 20.922 loading class jdk/internal/math/FloatingDecimal$ASCIIToBinaryBuffer
Event: 20.922 loading class jdk/internal/math/FloatingDecimal$ASCIIToBinaryBuffer done
Event: 20.944 loading class java/text/MessageFormat$Field
Event: 20.944 loading class java/text/MessageFormat$Field done
Event: 21.122 Thread 0x000001a1b2488780 flushing nmethod 0x000001a1a2c5cb90
Event: 21.122 Thread 0x000001a1b2488780 flushing nmethod 0x000001a1a2d6e190
Event: 21.122 Thread 0x000001a1b2488780 flushing nmethod 0x000001a1a2d78910
Event: 21.126 Thread 0x000001a1b2488780 flushing nmethod 0x000001a19b420490
Event: 21.128 Thread 0x000001a1b2488780 flushing nmethod 0x000001a19b648010


Dynamic libraries:
0x00007ff68faa0000 - 0x00007ff68faaa000 	D:\android\android studio\jbr\bin\java.exe
0x00007ffc7acd0000 - 0x00007ffc7aec8000 	C:\WINDOWS\SYSTEM32\ntdll.dll
0x00007ffc7a9d0000 - 0x00007ffc7aa8f000 	C:\WINDOWS\System32\KERNEL32.DLL
0x00007ffc78a50000 - 0x00007ffc78d2a000 	C:\WINDOWS\System32\KERNELBASE.dll
0x00007ffc788c0000 - 0x00007ffc789c0000 	C:\WINDOWS\System32\ucrtbase.dll
0x00007ffc4dff0000 - 0x00007ffc4e00b000 	D:\android\android studio\jbr\bin\VCRUNTIME140.dll
0x00007ffc67890000 - 0x00007ffc678a7000 	D:\android\android studio\jbr\bin\jli.dll
0x00007ffc79d70000 - 0x00007ffc79f0d000 	C:\WINDOWS\System32\USER32.dll
0x00007ffc78690000 - 0x00007ffc786b2000 	C:\WINDOWS\System32\win32u.dll
0x00007ffc78fa0000 - 0x00007ffc78fcb000 	C:\WINDOWS\System32\GDI32.dll
0x00007ffc786c0000 - 0x00007ffc787d0000 	C:\WINDOWS\System32\gdi32full.dll
0x00007ffc78490000 - 0x00007ffc7852d000 	C:\WINDOWS\System32\msvcp_win.dll
0x00007ffc67fa0000 - 0x00007ffc6823a000 	C:\WINDOWS\WinSxS\amd64_microsoft.windows.common-controls_6595b64144ccf1df_6.0.19041.1110_none_60b5254171f9507e\COMCTL32.dll
0x00007ffc79b20000 - 0x00007ffc79bbe000 	C:\WINDOWS\System32\msvcrt.dll
0x00007ffc78e60000 - 0x00007ffc78e90000 	C:\WINDOWS\System32\IMM32.DLL
0x00007ffc64a00000 - 0x00007ffc64a0c000 	D:\android\android studio\jbr\bin\vcruntime140_1.dll
0x00007ffc45130000 - 0x00007ffc451bd000 	D:\android\android studio\jbr\bin\msvcp140.dll
0x00007ffc31180000 - 0x00007ffc31ded000 	D:\android\android studio\jbr\bin\server\jvm.dll
0x00007ffc78ef0000 - 0x00007ffc78f9e000 	C:\WINDOWS\System32\ADVAPI32.dll
0x00007ffc7aa90000 - 0x00007ffc7ab2c000 	C:\WINDOWS\System32\sechost.dll
0x00007ffc798a0000 - 0x00007ffc799c6000 	C:\WINDOWS\System32\RPCRT4.dll
0x00007ffc5bd20000 - 0x00007ffc5bd29000 	C:\WINDOWS\SYSTEM32\WSOCK32.dll
0x00007ffc79bc0000 - 0x00007ffc79c2b000 	C:\WINDOWS\System32\WS2_32.dll
0x00007ffc67bd0000 - 0x00007ffc67bf7000 	C:\WINDOWS\SYSTEM32\WINMM.dll
0x00007ffc759c0000 - 0x00007ffc759ca000 	C:\WINDOWS\SYSTEM32\VERSION.dll
0x00007ffc76c30000 - 0x00007ffc76c42000 	C:\WINDOWS\SYSTEM32\kernel.appcore.dll
0x00007ffc69830000 - 0x00007ffc6983a000 	D:\android\android studio\jbr\bin\jimage.dll
0x00007ffc76940000 - 0x00007ffc76b24000 	C:\WINDOWS\SYSTEM32\DBGHELP.DLL
0x00007ffc62be0000 - 0x00007ffc62c14000 	C:\WINDOWS\SYSTEM32\dbgcore.DLL
0x00007ffc789c0000 - 0x00007ffc78a42000 	C:\WINDOWS\System32\bcryptPrimitives.dll
0x00007ffc4c350000 - 0x00007ffc4c375000 	D:\android\android studio\jbr\bin\java.dll
0x00007ffc4bcd0000 - 0x00007ffc4bce8000 	D:\android\android studio\jbr\bin\zip.dll
0x00007ffc78fd0000 - 0x00007ffc79714000 	C:\WINDOWS\System32\SHELL32.dll
0x00007ffc760d0000 - 0x00007ffc76863000 	C:\WINDOWS\SYSTEM32\windows.storage.dll
0x00007ffc7a3a0000 - 0x00007ffc7a6f4000 	C:\WINDOWS\System32\combase.dll
0x00007ffc77e40000 - 0x00007ffc77e6e000 	C:\WINDOWS\SYSTEM32\Wldp.dll
0x00007ffc7a920000 - 0x00007ffc7a9cd000 	C:\WINDOWS\System32\SHCORE.dll
0x00007ffc78e90000 - 0x00007ffc78ee5000 	C:\WINDOWS\System32\shlwapi.dll
0x00007ffc78320000 - 0x00007ffc7833f000 	C:\WINDOWS\SYSTEM32\profapi.dll
0x00007ffc4b970000 - 0x00007ffc4b989000 	D:\android\android studio\jbr\bin\net.dll
0x00007ffc6bf40000 - 0x00007ffc6c04a000 	C:\WINDOWS\SYSTEM32\WINHTTP.dll
0x00007ffc77ba0000 - 0x00007ffc77c0a000 	C:\WINDOWS\system32\mswsock.dll
0x00007ffc4b930000 - 0x00007ffc4b946000 	D:\android\android studio\jbr\bin\nio.dll
0x00007ffc69230000 - 0x00007ffc69240000 	D:\android\android studio\jbr\bin\verify.dll

dbghelp: loaded successfully - version: 4.0.5 - missing functions: none
symbol engine: initialized successfully - sym options: 0x614 - pdb path: .;D:\android\android studio\jbr\bin;C:\WINDOWS\SYSTEM32;C:\WINDOWS\WinSxS\amd64_microsoft.windows.common-controls_6595b64144ccf1df_6.0.19041.1110_none_60b5254171f9507e;D:\android\android studio\jbr\bin\server

VM Arguments:
java_command: org.jetbrains.kotlin.cli.jvm.K2JVMCompiler @D:\android\project\Test2\app\build\20230424_16525900644153110161.compiler.options
java_class_path (initial): C:\Users\Huyen\.gradle\caches\modules-2\files-2.1\org.jetbrains.kotlin\kotlin-compiler-embeddable\1.8.0\eb9118d4bcceaa2a94b2ae2a33a4ddba7c9a947f\kotlin-compiler-embeddable-1.8.0.jar;C:\Users\Huyen\.gradle\caches\modules-2\files-2.1\org.jetbrains.kotlin\kotlin-stdlib\1.8.0\1796921c7a3e2e2665a83e6c8d33399336cd39bc\kotlin-stdlib-1.8.0.jar;C:\Users\Huyen\.gradle\caches\modules-2\files-2.1\org.jetbrains.kotlin\kotlin-script-runtime\1.8.0\b2f7e760d283cb339974851c222a4c1d48f2d3d\kotlin-script-runtime-1.8.0.jar;C:\Users\Huyen\.gradle\caches\modules-2\files-2.1\org.jetbrains.kotlin\kotlin-reflect\1.6.10\1cbe9c92c12a94eea200d23c2bbaedaf3daf5132\kotlin-reflect-1.6.10.jar;C:\Users\Huyen\.gradle\caches\modules-2\files-2.1\org.jetbrains.kotlin\kotlin-daemon-embeddable\1.8.0\d255216c551685dc3a7e852b53617f5f01aaaa5c\kotlin-daemon-embeddable-1.8.0.jar;C:\Users\Huyen\.gradle\caches\modules-2\files-2.1\org.jetbrains.intellij.deps\trove4j\1.0.20200330\3afb14d5f9ceb459d724e907a21145e8ff394f02\trove4j-1.0.20200330.jar;C:\Users\Huyen\.gradle\caches\modules-2\files-2.1\net.java.dev.jna\jna\5.6.0\330f2244e9030119ab3030fc3fededc86713d9cc\jna-5.6.0.jar;C:\Users\Huyen\.gradle\caches\modules-2\files-2.1\org.jetbrains.kotlin\kotlin-stdlib-common\1.8.0\f7197e7cc76453ac59f8b0f8d5137cc600becd36\kotlin-stdlib-common-1.8.0.jar;C:\Users\Huyen\.gradle\caches\modules-2\files-2.1\org.jetbrains\annotations\13.0\919f0dfe192fb4e063e7dacadee7f8bb9a2672a9\annotations-13.0.jar
Launcher Type: SUN_STANDARD

[Global flags]
     intx CICompilerCount                          = 3                                         {product} {ergonomic}
     uint ConcGCThreads                            = 1                                         {product} {ergonomic}
     uint G1ConcRefinementThreads                  = 4                                         {product} {ergonomic}
   size_t G1HeapRegionSize                         = 1048576                                   {product} {ergonomic}
    uintx GCDrainStackTargetSize                   = 64                                        {product} {ergonomic}
   size_t InitialHeapSize                          = 134217728                                 {product} {ergonomic}
   size_t MarkStackSize                            = 4194304                                   {product} {ergonomic}
   size_t MaxHeapSize                              = 2120220672                                {product} {ergonomic}
   size_t MaxNewSize                               = 1271922688                                {product} {ergonomic}
   size_t MinHeapDeltaBytes                        = 1048576                                   {product} {ergonomic}
   size_t MinHeapSize                              = 8388608                                   {product} {ergonomic}
    uintx NonNMethodCodeHeapSize                   = 5832780                                {pd product} {ergonomic}
    uintx NonProfiledCodeHeapSize                  = 122912730                              {pd product} {ergonomic}
    uintx ProfiledCodeHeapSize                     = 122912730                              {pd product} {ergonomic}
    uintx ReservedCodeCacheSize                    = 251658240                              {pd product} {ergonomic}
     bool SegmentedCodeCache                       = true                                      {product} {ergonomic}
   size_t SoftMaxHeapSize                          = 2120220672                             {manageable} {ergonomic}
     bool UseCompressedClassPointers               = true                           {product lp64_product} {ergonomic}
     bool UseCompressedOops                        = true                           {product lp64_product} {ergonomic}
     bool UseG1GC                                  = true                                      {product} {ergonomic}
     bool UseLargePagesIndividualAllocation        = false                                  {pd product} {ergonomic}

Logging:
Log output configuration:
 #0: stdout all=warning uptime,level,tags
 #1: stderr all=off uptime,level,tags

Environment Variables:
PATH=C:\Program Files (x86)\Common Files\Oracle\Java\javapath;C:\Program Files (x86)\Intel\iCLS Client\;C:\Program Files\Intel\iCLS Client\;C:\Windows\system32;C:\Windows;C:\Windows\System32\Wbem;C:\Windows\System32\WindowsPowerShell\v1.0\;C:\ProgramData\chocolatey\bin;C:\Program Files\Git\cmd;C:\Program Files (x86)\Intel\Intel(R) Management Engine Components\DAL;C:\Program Files\Intel\Intel(R) Management Engine Components\DAL;C:\Program Files (x86)\Intel\Intel(R) Management Engine Components\IPT;C:\Program Files\Intel\Intel(R) Management Engine Components\IPT;C:\Program Files\Microsoft SQL Server\150\Tools\Binn\;C:\Program Files\Microsoft SQL Server\Client SDK\ODBC\170\Tools\Binn\;C:\WINDOWS\system32;C:\WINDOWS;C:\WINDOWS\System32\Wbem;C:\WINDOWS\System32\WindowsPowerShell\v1.0\;C:\WINDOWS\System32\OpenSSH\;C:\Program Files (x86)\Microsoft SQL Server\150\Tools\Binn\;C:\Program Files\Microsoft SQL Server\150\DTS\Binn\;C:\Program Files\Azure Data Studio\bin;C:\Program Files\Microsoft SQL Server\120\Tools\Binn\;C:\Program Files\CMake\bin;D:\elasticsearch-8.7.0\bin;C:\Users\Huyen\AppData\Local\Programs\Python\Python36-32\Scripts\;C:\Users\Huyen\AppData\Local\Programs\Python\Python36-32\;C:\Users\Huyen\.pyenv\pyenv-win\bin;C:\Users\Huyen\.pyenv\pyenv-win\shims;C:\Users\Huyen\AppData\Local\Microsoft\WindowsApps;C:\Users\Huyen\AppData\Local\Programs\Microsoft VS Code\bin;C:\Program Files\Azure Data Studio\bin;D:\Flutter\flutter\bin;
USERNAME=Huyen
OS=Windows_NT
PROCESSOR_IDENTIFIER=Intel64 Family 6 Model 61 Stepping 4, GenuineIntel
TMP=C:\Users\Huyen\AppData\Local\Temp
TEMP=C:\Users\Huyen\AppData\Local\Temp



---------------  S Y S T E M  ---------------

OS:
 Windows 10 , 64 bit Build 19041 (10.0.19041.2788)
OS uptime: 0 days 10:08 hours

CPU: total 4 (initial active 4) (2 cores per cpu, 2 threads per core) family 6 model 61 stepping 4 microcode 0x2d, cx8, cmov, fxsr, ht, mmx, 3dnowpref, sse, sse2, sse3, ssse3, sse4.1, sse4.2, popcnt, lzcnt, tsc, tscinvbit, avx, avx2, aes, erms, clmul, bmi1, bmi2, rtm, adx, fma, vzeroupper, clflush

Memory: 4k page, system-wide physical 8082M (289M free)
TotalPageFile size 19551M (AvailPageFile size 1M)
current process WorkingSet (physical memory assigned to process): 295M, peak: 295M
current process commit charge ("private bytes"): 390M, peak: 397M

vm_info: OpenJDK 64-Bit Server VM (17.0.6+0-b2043.56-9586694) for windows-amd64 JRE (17.0.6+0-b2043.56-9586694), built on Feb  9 2023 20:06:20 by "androidbuild" with MS VC++ 16.10 / 16.11 (VS2019)

END.
